d:\documentos\ii semestre 2020\estructuras\proyecto i estructuras2\proyectoestructuras\proyecto i estructuras\proyecto i estructuras\x64\release\vc142.pdb
d:\documentos\ii semestre 2020\estructuras\proyecto i estructuras2\proyectoestructuras\proyecto i estructuras\proyecto i estructuras\x64\release\tubo.obj
d:\documentos\ii semestre 2020\estructuras\proyecto i estructuras2\proyectoestructuras\proyecto i estructuras\proyecto i estructuras\x64\release\pila.obj
d:\documentos\ii semestre 2020\estructuras\proyecto i estructuras2\proyectoestructuras\proyecto i estructuras\proyecto i estructuras\x64\release\menuinicio.obj
d:\documentos\ii semestre 2020\estructuras\proyecto i estructuras2\proyectoestructuras\proyecto i estructuras\proyecto i estructuras\x64\release\main.obj
d:\documentos\ii semestre 2020\estructuras\proyecto i estructuras2\proyectoestructuras\proyecto i estructuras\proyecto i estructuras\x64\release\listatubo.obj
d:\documentos\ii semestre 2020\estructuras\proyecto i estructuras2\proyectoestructuras\proyecto i estructuras\proyecto i estructuras\x64\release\bola.obj
d:\documentos\ii semestre 2020\estructuras\proyecto i estructuras2\2\1\proyecto i estructuras\proyecto i estructuras\x64\release\vc142.pdb
d:\documentos\ii semestre 2020\estructuras\proyecto i estructuras2\2\1\proyecto i estructuras\proyecto i estructuras\x64\release\tubo.obj
d:\documentos\ii semestre 2020\estructuras\proyecto i estructuras2\2\1\proyecto i estructuras\proyecto i estructuras\x64\release\pila.obj
d:\documentos\ii semestre 2020\estructuras\proyecto i estructuras2\2\1\proyecto i estructuras\proyecto i estructuras\x64\release\menuinicio.obj
d:\documentos\ii semestre 2020\estructuras\proyecto i estructuras2\2\1\proyecto i estructuras\proyecto i estructuras\x64\release\main.obj
d:\documentos\ii semestre 2020\estructuras\proyecto i estructuras2\2\1\proyecto i estructuras\proyecto i estructuras\x64\release\listatubo.obj
d:\documentos\ii semestre 2020\estructuras\proyecto i estructuras2\2\1\proyecto i estructuras\proyecto i estructuras\x64\release\bola.obj
d:\documentos\ii semestre 2020\estructuras\proyecto i estructuras2\proyectoestructuras\proyecto i estructuras\x64\release\proyecto i estructuras.exe
d:\documentos\ii semestre 2020\estructuras\proyecto i estructuras2\proyectoestructuras\proyecto i estructuras\x64\release\proyecto i estructuras.pdb
d:\documentos\ii semestre 2020\estructuras\proyecto i estructuras2\2\1\proyecto i estructuras\x64\release\proyecto i estructuras.exe
d:\documentos\ii semestre 2020\estructuras\proyecto i estructuras2\2\1\proyecto i estructuras\x64\release\proyecto i estructuras.pdb
d:\documentos\ii semestre 2020\estructuras\proyecto i estructuras2\proyectoestructuras\proyecto i estructuras\x64\release\proyecto i estructuras.ipdb
d:\documentos\ii semestre 2020\estructuras\proyecto i estructuras2\proyectoestructuras\proyecto i estructuras\x64\release\proyecto i estructuras.iobj
d:\documentos\ii semestre 2020\estructuras\proyecto i estructuras2\2\1\proyecto i estructuras\x64\release\proyecto i estructuras.ipdb
d:\documentos\ii semestre 2020\estructuras\proyecto i estructuras2\2\1\proyecto i estructuras\x64\release\proyecto i estructuras.iobj
d:\documentos\ii semestre 2020\estructuras\proyecto i estructuras2\2\1\proyecto i estructuras\proyecto i estructuras\x64\release\proyecto.f1c86529.tlog\cl.command.1.tlog
d:\documentos\ii semestre 2020\estructuras\proyecto i estructuras2\2\1\proyecto i estructuras\proyecto i estructuras\x64\release\proyecto.f1c86529.tlog\cl.read.1.tlog
d:\documentos\ii semestre 2020\estructuras\proyecto i estructuras2\2\1\proyecto i estructuras\proyecto i estructuras\x64\release\proyecto.f1c86529.tlog\cl.write.1.tlog
d:\documentos\ii semestre 2020\estructuras\proyecto i estructuras2\2\1\proyecto i estructuras\proyecto i estructuras\x64\release\proyecto.f1c86529.tlog\link.command.1.tlog
d:\documentos\ii semestre 2020\estructuras\proyecto i estructuras2\2\1\proyecto i estructuras\proyecto i estructuras\x64\release\proyecto.f1c86529.tlog\link.read.1.tlog
d:\documentos\ii semestre 2020\estructuras\proyecto i estructuras2\2\1\proyecto i estructuras\proyecto i estructuras\x64\release\proyecto.f1c86529.tlog\link.write.1.tlog
d:\documentos\ii semestre 2020\estructuras\proyecto i estructuras2\2\1\proyecto i estructuras\proyecto i estructuras\x64\release\proyecto.f1c86529.tlog\proyecto i estructuras.write.1u.tlog
